<?xml version="1.0" encoding="UTF-8"?>
<!-- Generated by org.testng.reporters.JUnitReportReporter -->
<testsuite hostname="LAPTOP-63CFB551" failures="0" tests="2" name="pack1.CheckJenkins" time="7.263" errors="0" timestamp="2025-01-21T01:02:29 IST" skipped="0">
  <testcase classname="pack1.CheckJenkins" name="testScript2" time="2.198"/>
  <testcase classname="pack1.CheckJenkins" name="testScript1" time="5.065"/>
</testsuite> <!-- pack1.CheckJenkins -->
